{"/Users/garylee/Desktop/github.nosync/teacher-student/setupTest.js": {"path":"/Users/garylee/Desktop/github.nosync/teacher-student/setupTest.js","statementMap":{"0":{"start":{"line":3,"column":0},"end":{"line":3,"column":46}}},"fnMap":{},"branchMap":{},"s":{"0":5},"f":{},"b":{},"_coverageSchema":"332fd63041d2c1bcb487cc26dd0d5f7d97098a6c","hash":"be42e93d29cc196ef6badaa93e3e402652961b05"}
,"/Users/garylee/Desktop/github.nosync/teacher-student/src/app.js": {"path":"/Users/garylee/Desktop/github.nosync/teacher-student/src/app.js","statementMap":{"0":{"start":{"line":1,"column":0},"end":{"line":3,"column":1}},"1":{"start":{"line":2,"column":2},"end":{"line":2,"column":27}},"2":{"start":{"line":4,"column":16},"end":{"line":4,"column":34}},"3":{"start":{"line":5,"column":19},"end":{"line":5,"column":41}},"4":{"start":{"line":6,"column":15},"end":{"line":6,"column":32}},"5":{"start":{"line":7,"column":36},"end":{"line":7,"column":57}},"6":{"start":{"line":9,"column":12},"end":{"line":9,"column":21}},"7":{"start":{"line":10,"column":0},"end":{"line":10,"column":27}},"8":{"start":{"line":11,"column":0},"end":{"line":11,"column":18}},"9":{"start":{"line":12,"column":0},"end":{"line":12,"column":19}},"10":{"start":{"line":13,"column":0},"end":{"line":13,"column":22}},"11":{"start":{"line":18,"column":0},"end":{"line":18,"column":37}},"12":{"start":{"line":23,"column":0},"end":{"line":25,"column":3}},"13":{"start":{"line":24,"column":2},"end":{"line":24,"column":52}},"14":{"start":{"line":27,"column":0},"end":{"line":27,"column":21}}},"fnMap":{"0":{"name":"(anonymous_0)","decl":{"start":{"line":23,"column":18},"end":{"line":23,"column":19}},"loc":{"start":{"line":23,"column":37},"end":{"line":25,"column":1}},"line":23}},"branchMap":{"0":{"loc":{"start":{"line":1,"column":0},"end":{"line":3,"column":1}},"type":"if","locations":[{"start":{"line":1,"column":0},"end":{"line":3,"column":1}},{"start":{"line":1,"column":0},"end":{"line":3,"column":1}}],"line":1}},"s":{"0":5,"1":5,"2":5,"3":5,"4":5,"5":5,"6":5,"7":5,"8":5,"9":5,"10":5,"11":5,"12":5,"13":0,"14":5},"f":{"0":0},"b":{"0":[5,0]},"_coverageSchema":"332fd63041d2c1bcb487cc26dd0d5f7d97098a6c","hash":"9957b066ddbd13151551991ee8cccfb08d596dc7"}
,"/Users/garylee/Desktop/github.nosync/teacher-student/src/handlers.js": {"path":"/Users/garylee/Desktop/github.nosync/teacher-student/src/handlers.js","statementMap":{"0":{"start":{"line":8,"column":21},"end":{"line":10,"column":1}},"1":{"start":{"line":9,"column":2},"end":{"line":9,"column":55}},"2":{"start":{"line":19,"column":18},"end":{"line":22,"column":1}},"3":{"start":{"line":20,"column":2},"end":{"line":20,"column":27}},"4":{"start":{"line":21,"column":2},"end":{"line":21,"column":12}},"5":{"start":{"line":24,"column":0},"end":{"line":27,"column":2}}},"fnMap":{"0":{"name":"(anonymous_0)","decl":{"start":{"line":8,"column":21},"end":{"line":8,"column":22}},"loc":{"start":{"line":8,"column":46},"end":{"line":10,"column":1}},"line":8},"1":{"name":"(anonymous_1)","decl":{"start":{"line":19,"column":18},"end":{"line":19,"column":19}},"loc":{"start":{"line":19,"column":43},"end":{"line":22,"column":1}},"line":19}},"branchMap":{},"s":{"0":5,"1":0,"2":5,"3":0,"4":0,"5":5},"f":{"0":0,"1":0},"b":{},"_coverageSchema":"332fd63041d2c1bcb487cc26dd0d5f7d97098a6c","hash":"0f4c942aae2f66cc560f4194c38e16442c29ac33"}
,"/Users/garylee/Desktop/github.nosync/teacher-student/src/routes/commonstudents.js": {"path":"/Users/garylee/Desktop/github.nosync/teacher-student/src/routes/commonstudents.js","statementMap":{"0":{"start":{"line":1,"column":13},"end":{"line":1,"column":40}},"1":{"start":{"line":2,"column":11},"end":{"line":2,"column":27}},"2":{"start":{"line":4,"column":0},"end":{"line":22,"column":3}},"3":{"start":{"line":5,"column":22},"end":{"line":5,"column":31}},"4":{"start":{"line":6,"column":17},"end":{"line":6,"column":69}},"5":{"start":{"line":7,"column":2},"end":{"line":21,"column":38}},"6":{"start":{"line":21,"column":20},"end":{"line":21,"column":36}},"7":{"start":{"line":24,"column":0},"end":{"line":24,"column":24}}},"fnMap":{"0":{"name":"(anonymous_0)","decl":{"start":{"line":4,"column":16},"end":{"line":4,"column":17}},"loc":{"start":{"line":4,"column":30},"end":{"line":22,"column":1}},"line":4},"1":{"name":"(anonymous_1)","decl":{"start":{"line":21,"column":10},"end":{"line":21,"column":11}},"loc":{"start":{"line":21,"column":20},"end":{"line":21,"column":36}},"line":21}},"branchMap":{"0":{"loc":{"start":{"line":6,"column":17},"end":{"line":6,"column":69}},"type":"cond-expr","locations":[{"start":{"line":6,"column":51},"end":{"line":6,"column":65}},{"start":{"line":6,"column":68},"end":{"line":6,"column":69}}],"line":6}},"s":{"0":5,"1":5,"2":5,"3":0,"4":0,"5":0,"6":0,"7":5},"f":{"0":0,"1":0},"b":{"0":[0,0]},"_coverageSchema":"332fd63041d2c1bcb487cc26dd0d5f7d97098a6c","hash":"45d1c02a82adf74c4fd22370a5243264d8b5e49a"}
,"/Users/garylee/Desktop/github.nosync/teacher-student/src/routes/register.js": {"path":"/Users/garylee/Desktop/github.nosync/teacher-student/src/routes/register.js","statementMap":{"0":{"start":{"line":1,"column":13},"end":{"line":1,"column":40}},"1":{"start":{"line":2,"column":11},"end":{"line":2,"column":27}},"2":{"start":{"line":3,"column":18},"end":{"line":3,"column":38}},"3":{"start":{"line":5,"column":0},"end":{"line":41,"column":3}},"4":{"start":{"line":6,"column":32},"end":{"line":6,"column":40}},"5":{"start":{"line":7,"column":2},"end":{"line":9,"column":3}},"6":{"start":{"line":8,"column":4},"end":{"line":8,"column":67}},"7":{"start":{"line":10,"column":19},"end":{"line":10,"column":21}},"8":{"start":{"line":11,"column":20},"end":{"line":13,"column":34}},"9":{"start":{"line":13,"column":23},"end":{"line":13,"column":33}},"10":{"start":{"line":15,"column":25},"end":{"line":24,"column":3}},"11":{"start":{"line":17,"column":6},"end":{"line":22,"column":9}},"12":{"start":{"line":25,"column":2},"end":{"line":40,"column":7}},"13":{"start":{"line":27,"column":6},"end":{"line":29,"column":9}},"14":{"start":{"line":28,"column":8},"end":{"line":28,"column":46}},"15":{"start":{"line":32,"column":25},"end":{"line":34,"column":8}},"16":{"start":{"line":33,"column":8},"end":{"line":33,"column":55}},"17":{"start":{"line":35,"column":6},"end":{"line":39,"column":11}},"18":{"start":{"line":36,"column":20},"end":{"line":36,"column":39}},"19":{"start":{"line":38,"column":10},"end":{"line":38,"column":71}},"20":{"start":{"line":43,"column":0},"end":{"line":43,"column":24}}},"fnMap":{"0":{"name":"(anonymous_0)","decl":{"start":{"line":5,"column":17},"end":{"line":5,"column":18}},"loc":{"start":{"line":5,"column":37},"end":{"line":41,"column":1}},"line":5},"1":{"name":"(anonymous_1)","decl":{"start":{"line":13,"column":12},"end":{"line":13,"column":13}},"loc":{"start":{"line":13,"column":23},"end":{"line":13,"column":33}},"line":13},"2":{"name":"(anonymous_2)","decl":{"start":{"line":16,"column":17},"end":{"line":16,"column":18}},"loc":{"start":{"line":16,"column":33},"end":{"line":23,"column":5}},"line":16},"3":{"name":"(anonymous_3)","decl":{"start":{"line":26,"column":10},"end":{"line":26,"column":11}},"loc":{"start":{"line":26,"column":20},"end":{"line":30,"column":5}},"line":26},"4":{"name":"(anonymous_4)","decl":{"start":{"line":27,"column":17},"end":{"line":27,"column":18}},"loc":{"start":{"line":27,"column":28},"end":{"line":29,"column":7}},"line":27},"5":{"name":"(anonymous_5)","decl":{"start":{"line":31,"column":10},"end":{"line":31,"column":11}},"loc":{"start":{"line":31,"column":16},"end":{"line":40,"column":5}},"line":31},"6":{"name":"(anonymous_6)","decl":{"start":{"line":32,"column":40},"end":{"line":32,"column":41}},"loc":{"start":{"line":32,"column":53},"end":{"line":34,"column":7}},"line":32},"7":{"name":"(anonymous_7)","decl":{"start":{"line":36,"column":14},"end":{"line":36,"column":15}},"loc":{"start":{"line":36,"column":20},"end":{"line":36,"column":39}},"line":36},"8":{"name":"(anonymous_8)","decl":{"start":{"line":37,"column":42},"end":{"line":37,"column":43}},"loc":{"start":{"line":37,"column":49},"end":{"line":39,"column":9}},"line":37}},"branchMap":{"0":{"loc":{"start":{"line":7,"column":2},"end":{"line":9,"column":3}},"type":"if","locations":[{"start":{"line":7,"column":2},"end":{"line":9,"column":3}},{"start":{"line":7,"column":2},"end":{"line":9,"column":3}}],"line":7},"1":{"loc":{"start":{"line":7,"column":6},"end":{"line":7,"column":27}},"type":"binary-expr","locations":[{"start":{"line":7,"column":6},"end":{"line":7,"column":15}},{"start":{"line":7,"column":19},"end":{"line":7,"column":27}}],"line":7}},"s":{"0":5,"1":5,"2":5,"3":5,"4":1,"5":1,"6":1,"7":0,"8":0,"9":0,"10":0,"11":0,"12":0,"13":0,"14":0,"15":0,"16":0,"17":0,"18":0,"19":0,"20":5},"f":{"0":1,"1":0,"2":0,"3":0,"4":0,"5":0,"6":0,"7":0,"8":0},"b":{"0":[1,0],"1":[1,0]},"_coverageSchema":"332fd63041d2c1bcb487cc26dd0d5f7d97098a6c","hash":"a740ed905ea592eee281cd5a2d84278bc6935643"}
,"/Users/garylee/Desktop/github.nosync/teacher-student/src/routes/retrievefornotifications.js": {"path":"/Users/garylee/Desktop/github.nosync/teacher-student/src/routes/retrievefornotifications.js","statementMap":{"0":{"start":{"line":1,"column":13},"end":{"line":1,"column":40}},"1":{"start":{"line":2,"column":11},"end":{"line":2,"column":27}},"2":{"start":{"line":5,"column":14},"end":{"line":5,"column":116}},"3":{"start":{"line":7,"column":0},"end":{"line":30,"column":3}},"4":{"start":{"line":8,"column":36},"end":{"line":8,"column":44}},"5":{"start":{"line":9,"column":20},"end":{"line":9,"column":45}},"6":{"start":{"line":11,"column":2},"end":{"line":29,"column":7}},"7":{"start":{"line":24,"column":19},"end":{"line":24,"column":53}},"8":{"start":{"line":24,"column":40},"end":{"line":24,"column":52}},"9":{"start":{"line":25,"column":21},"end":{"line":27,"column":7}},"10":{"start":{"line":28,"column":6},"end":{"line":28,"column":25}},"11":{"start":{"line":32,"column":0},"end":{"line":32,"column":24}}},"fnMap":{"0":{"name":"(anonymous_0)","decl":{"start":{"line":7,"column":17},"end":{"line":7,"column":18}},"loc":{"start":{"line":7,"column":31},"end":{"line":30,"column":1}},"line":7},"1":{"name":"(anonymous_1)","decl":{"start":{"line":23,"column":10},"end":{"line":23,"column":11}},"loc":{"start":{"line":23,"column":20},"end":{"line":29,"column":5}},"line":23},"2":{"name":"(anonymous_2)","decl":{"start":{"line":24,"column":30},"end":{"line":24,"column":31}},"loc":{"start":{"line":24,"column":40},"end":{"line":24,"column":52}},"line":24}},"branchMap":{},"s":{"0":5,"1":5,"2":5,"3":5,"4":0,"5":0,"6":0,"7":0,"8":0,"9":0,"10":0,"11":5},"f":{"0":0,"1":0,"2":0},"b":{},"_coverageSchema":"332fd63041d2c1bcb487cc26dd0d5f7d97098a6c","hash":"5223a0621ec21df3e0c7bdf1cc6933d43514af79"}
,"/Users/garylee/Desktop/github.nosync/teacher-student/src/routes/suspend.js": {"path":"/Users/garylee/Desktop/github.nosync/teacher-student/src/routes/suspend.js","statementMap":{"0":{"start":{"line":1,"column":13},"end":{"line":1,"column":40}},"1":{"start":{"line":2,"column":11},"end":{"line":2,"column":27}},"2":{"start":{"line":4,"column":0},"end":{"line":16,"column":3}},"3":{"start":{"line":5,"column":22},"end":{"line":5,"column":30}},"4":{"start":{"line":6,"column":2},"end":{"line":15,"column":5}},"5":{"start":{"line":14,"column":4},"end":{"line":14,"column":18}},"6":{"start":{"line":19,"column":0},"end":{"line":19,"column":24}}},"fnMap":{"0":{"name":"(anonymous_0)","decl":{"start":{"line":4,"column":17},"end":{"line":4,"column":18}},"loc":{"start":{"line":4,"column":31},"end":{"line":16,"column":1}},"line":4},"1":{"name":"(anonymous_1)","decl":{"start":{"line":13,"column":9},"end":{"line":13,"column":10}},"loc":{"start":{"line":13,"column":15},"end":{"line":15,"column":3}},"line":13}},"branchMap":{},"s":{"0":5,"1":5,"2":5,"3":0,"4":0,"5":0,"6":5},"f":{"0":0,"1":0},"b":{},"_coverageSchema":"332fd63041d2c1bcb487cc26dd0d5f7d97098a6c","hash":"e0b7129b1eba9e5683e5dfb8469c50d75204ed28"}
}
