{"/Users/garylee/Desktop/github.nosync/teacher-student/src/app.js": {"path":"/Users/garylee/Desktop/github.nosync/teacher-student/src/app.js","statementMap":{"0":{"start":{"line":1,"column":0},"end":{"line":3,"column":1}},"1":{"start":{"line":2,"column":2},"end":{"line":2,"column":27}},"2":{"start":{"line":4,"column":16},"end":{"line":4,"column":34}},"3":{"start":{"line":5,"column":19},"end":{"line":5,"column":41}},"4":{"start":{"line":6,"column":15},"end":{"line":6,"column":32}},"5":{"start":{"line":7,"column":36},"end":{"line":7,"column":57}},"6":{"start":{"line":9,"column":12},"end":{"line":9,"column":21}},"7":{"start":{"line":10,"column":20},"end":{"line":10,"column":74}},"8":{"start":{"line":11,"column":0},"end":{"line":11,"column":24}},"9":{"start":{"line":16,"column":0},"end":{"line":16,"column":37}},"10":{"start":{"line":21,"column":0},"end":{"line":23,"column":3}},"11":{"start":{"line":22,"column":2},"end":{"line":22,"column":52}},"12":{"start":{"line":25,"column":0},"end":{"line":25,"column":21}}},"fnMap":{"0":{"name":"(anonymous_0)","decl":{"start":{"line":21,"column":18},"end":{"line":21,"column":19}},"loc":{"start":{"line":21,"column":37},"end":{"line":23,"column":1}},"line":21}},"branchMap":{"0":{"loc":{"start":{"line":1,"column":0},"end":{"line":3,"column":1}},"type":"if","locations":[{"start":{"line":1,"column":0},"end":{"line":3,"column":1}},{"start":{"line":1,"column":0},"end":{"line":3,"column":1}}],"line":1}},"s":{"0":5,"1":5,"2":5,"3":5,"4":5,"5":5,"6":5,"7":5,"8":5,"9":5,"10":5,"11":1,"12":5},"f":{"0":1},"b":{"0":[5,0]},"_coverageSchema":"332fd63041d2c1bcb487cc26dd0d5f7d97098a6c","hash":"4fb081ffbbbf6e05060d229113cbf18dfea55ce5"}
,"/Users/garylee/Desktop/github.nosync/teacher-student/src/handlers.js": {"path":"/Users/garylee/Desktop/github.nosync/teacher-student/src/handlers.js","statementMap":{"0":{"start":{"line":8,"column":21},"end":{"line":10,"column":1}},"1":{"start":{"line":9,"column":2},"end":{"line":9,"column":55}},"2":{"start":{"line":19,"column":18},"end":{"line":22,"column":1}},"3":{"start":{"line":20,"column":2},"end":{"line":20,"column":27}},"4":{"start":{"line":21,"column":2},"end":{"line":21,"column":12}},"5":{"start":{"line":24,"column":0},"end":{"line":27,"column":2}}},"fnMap":{"0":{"name":"(anonymous_0)","decl":{"start":{"line":8,"column":21},"end":{"line":8,"column":22}},"loc":{"start":{"line":8,"column":46},"end":{"line":10,"column":1}},"line":8},"1":{"name":"(anonymous_1)","decl":{"start":{"line":19,"column":18},"end":{"line":19,"column":19}},"loc":{"start":{"line":19,"column":43},"end":{"line":22,"column":1}},"line":19}},"branchMap":{},"s":{"0":6,"1":2,"2":6,"3":2,"4":2,"5":6},"f":{"0":2,"1":2},"b":{},"_coverageSchema":"332fd63041d2c1bcb487cc26dd0d5f7d97098a6c","hash":"0f4c942aae2f66cc560f4194c38e16442c29ac33"}
,"/Users/garylee/Desktop/github.nosync/teacher-student/src/util.js": {"path":"/Users/garylee/Desktop/github.nosync/teacher-student/src/util.js","statementMap":{"0":{"start":{"line":1,"column":0},"end":{"line":19,"column":2}},"1":{"start":{"line":9,"column":4},"end":{"line":9,"column":62}},"2":{"start":{"line":15,"column":39},"end":{"line":15,"column":141}},"3":{"start":{"line":16,"column":26},"end":{"line":16,"column":72}},"4":{"start":{"line":17,"column":4},"end":{"line":17,"column":63}},"5":{"start":{"line":17,"column":38},"end":{"line":17,"column":61}}},"fnMap":{"0":{"name":"(anonymous_0)","decl":{"start":{"line":8,"column":18},"end":{"line":8,"column":19}},"loc":{"start":{"line":9,"column":4},"end":{"line":9,"column":62}},"line":9},"1":{"name":"(anonymous_1)","decl":{"start":{"line":14,"column":25},"end":{"line":14,"column":26}},"loc":{"start":{"line":14,"column":41},"end":{"line":18,"column":3}},"line":14},"2":{"name":"(anonymous_2)","decl":{"start":{"line":17,"column":29},"end":{"line":17,"column":30}},"loc":{"start":{"line":17,"column":38},"end":{"line":17,"column":61}},"line":17}},"branchMap":{"0":{"loc":{"start":{"line":9,"column":4},"end":{"line":9,"column":62}},"type":"cond-expr","locations":[{"start":{"line":9,"column":41},"end":{"line":9,"column":58}},{"start":{"line":9,"column":61},"end":{"line":9,"column":62}}],"line":9}},"s":{"0":6,"1":3,"2":1,"3":1,"4":1,"5":2},"f":{"0":3,"1":1,"2":2},"b":{"0":[2,1]},"_coverageSchema":"332fd63041d2c1bcb487cc26dd0d5f7d97098a6c","hash":"e419fd81a5b3cb0cbf5b72d828d011045e34feb9"}
,"/Users/garylee/Desktop/github.nosync/teacher-student/src/routes/commonstudents.js": {"path":"/Users/garylee/Desktop/github.nosync/teacher-student/src/routes/commonstudents.js","statementMap":{"0":{"start":{"line":1,"column":13},"end":{"line":1,"column":40}},"1":{"start":{"line":2,"column":23},"end":{"line":2,"column":59}},"2":{"start":{"line":4,"column":0},"end":{"line":7,"column":3}},"3":{"start":{"line":5,"column":22},"end":{"line":5,"column":31}},"4":{"start":{"line":6,"column":2},"end":{"line":6,"column":76}},"5":{"start":{"line":6,"column":58},"end":{"line":6,"column":74}},"6":{"start":{"line":9,"column":0},"end":{"line":9,"column":24}}},"fnMap":{"0":{"name":"(anonymous_0)","decl":{"start":{"line":4,"column":16},"end":{"line":4,"column":17}},"loc":{"start":{"line":4,"column":30},"end":{"line":7,"column":1}},"line":4},"1":{"name":"(anonymous_1)","decl":{"start":{"line":6,"column":48},"end":{"line":6,"column":49}},"loc":{"start":{"line":6,"column":58},"end":{"line":6,"column":74}},"line":6}},"branchMap":{},"s":{"0":5,"1":5,"2":5,"3":0,"4":0,"5":0,"6":5},"f":{"0":0,"1":0},"b":{},"_coverageSchema":"332fd63041d2c1bcb487cc26dd0d5f7d97098a6c","hash":"79275e10321762cf8315098bf9c384fe96f55afc"}
,"/Users/garylee/Desktop/github.nosync/teacher-student/src/routes/register.js": {"path":"/Users/garylee/Desktop/github.nosync/teacher-student/src/routes/register.js","statementMap":{"0":{"start":{"line":1,"column":13},"end":{"line":1,"column":40}},"1":{"start":{"line":2,"column":28},"end":{"line":2,"column":69}},"2":{"start":{"line":3,"column":28},"end":{"line":3,"column":48}},"3":{"start":{"line":5,"column":0},"end":{"line":13,"column":3}},"4":{"start":{"line":6,"column":32},"end":{"line":6,"column":40}},"5":{"start":{"line":7,"column":2},"end":{"line":12,"column":7}},"6":{"start":{"line":9,"column":16},"end":{"line":9,"column":35}},"7":{"start":{"line":11,"column":6},"end":{"line":11,"column":67}},"8":{"start":{"line":15,"column":0},"end":{"line":15,"column":24}}},"fnMap":{"0":{"name":"(anonymous_0)","decl":{"start":{"line":5,"column":17},"end":{"line":5,"column":18}},"loc":{"start":{"line":5,"column":37},"end":{"line":13,"column":1}},"line":5},"1":{"name":"(anonymous_1)","decl":{"start":{"line":9,"column":10},"end":{"line":9,"column":11}},"loc":{"start":{"line":9,"column":16},"end":{"line":9,"column":35}},"line":9},"2":{"name":"(anonymous_2)","decl":{"start":{"line":10,"column":11},"end":{"line":10,"column":12}},"loc":{"start":{"line":10,"column":18},"end":{"line":12,"column":5}},"line":10}},"branchMap":{},"s":{"0":5,"1":5,"2":5,"3":5,"4":1,"5":1,"6":0,"7":1,"8":5},"f":{"0":1,"1":0,"2":1},"b":{},"_coverageSchema":"332fd63041d2c1bcb487cc26dd0d5f7d97098a6c","hash":"414a20c282e2fd77043f255aa471415bdbd9d7f6"}
,"/Users/garylee/Desktop/github.nosync/teacher-student/src/routes/retrievefornotifications.js": {"path":"/Users/garylee/Desktop/github.nosync/teacher-student/src/routes/retrievefornotifications.js","statementMap":{"0":{"start":{"line":1,"column":13},"end":{"line":1,"column":40}},"1":{"start":{"line":2,"column":28},"end":{"line":2,"column":69}},"2":{"start":{"line":4,"column":0},"end":{"line":9,"column":3}},"3":{"start":{"line":5,"column":36},"end":{"line":5,"column":44}},"4":{"start":{"line":6,"column":2},"end":{"line":8,"column":42}},"5":{"start":{"line":8,"column":22},"end":{"line":8,"column":40}},"6":{"start":{"line":11,"column":0},"end":{"line":11,"column":24}}},"fnMap":{"0":{"name":"(anonymous_0)","decl":{"start":{"line":4,"column":17},"end":{"line":4,"column":18}},"loc":{"start":{"line":4,"column":31},"end":{"line":9,"column":1}},"line":4},"1":{"name":"(anonymous_1)","decl":{"start":{"line":8,"column":10},"end":{"line":8,"column":11}},"loc":{"start":{"line":8,"column":22},"end":{"line":8,"column":40}},"line":8}},"branchMap":{},"s":{"0":5,"1":5,"2":5,"3":0,"4":0,"5":0,"6":5},"f":{"0":0,"1":0},"b":{},"_coverageSchema":"332fd63041d2c1bcb487cc26dd0d5f7d97098a6c","hash":"bf3e623297d3fb5a99b2590d9f40520318012fe4"}
,"/Users/garylee/Desktop/github.nosync/teacher-student/src/routes/suspend.js": {"path":"/Users/garylee/Desktop/github.nosync/teacher-student/src/routes/suspend.js","statementMap":{"0":{"start":{"line":1,"column":13},"end":{"line":1,"column":40}},"1":{"start":{"line":2,"column":26},"end":{"line":2,"column":65}},"2":{"start":{"line":4,"column":0},"end":{"line":7,"column":3}},"3":{"start":{"line":5,"column":22},"end":{"line":5,"column":30}},"4":{"start":{"line":6,"column":2},"end":{"line":6,"column":76}},"5":{"start":{"line":6,"column":55},"end":{"line":6,"column":74}},"6":{"start":{"line":9,"column":0},"end":{"line":9,"column":24}}},"fnMap":{"0":{"name":"(anonymous_0)","decl":{"start":{"line":4,"column":17},"end":{"line":4,"column":18}},"loc":{"start":{"line":4,"column":31},"end":{"line":7,"column":1}},"line":4},"1":{"name":"(anonymous_1)","decl":{"start":{"line":6,"column":49},"end":{"line":6,"column":50}},"loc":{"start":{"line":6,"column":55},"end":{"line":6,"column":74}},"line":6}},"branchMap":{},"s":{"0":5,"1":5,"2":5,"3":0,"4":0,"5":0,"6":5},"f":{"0":0,"1":0},"b":{},"_coverageSchema":"332fd63041d2c1bcb487cc26dd0d5f7d97098a6c","hash":"66f0f1ec32a0ae1bd4028b4469c6fe492fef2359"}
,"/Users/garylee/Desktop/github.nosync/teacher-student/src/service/notificationService.js": {"path":"/Users/garylee/Desktop/github.nosync/teacher-student/src/service/notificationService.js","statementMap":{"0":{"start":{"line":1,"column":34},"end":{"line":1,"column":52}},"1":{"start":{"line":2,"column":11},"end":{"line":2,"column":27}},"2":{"start":{"line":4,"column":31},"end":{"line":11,"column":3}},"3":{"start":{"line":13,"column":0},"end":{"line":35,"column":2}},"4":{"start":{"line":21,"column":22},"end":{"line":21,"column":57}}},"fnMap":{"0":{"name":"(anonymous_0)","decl":{"start":{"line":20,"column":23},"end":{"line":20,"column":24}},"loc":{"start":{"line":20,"column":50},"end":{"line":34,"column":3}},"line":20}},"branchMap":{},"s":{"0":5,"1":5,"2":5,"3":5,"4":0},"f":{"0":0},"b":{},"_coverageSchema":"332fd63041d2c1bcb487cc26dd0d5f7d97098a6c","hash":"0c3f315c9dc627ccb9c37e56b620a4c62ddd6b9a"}
,"/Users/garylee/Desktop/github.nosync/teacher-student/src/service/registrationService.js": {"path":"/Users/garylee/Desktop/github.nosync/teacher-student/src/service/registrationService.js","statementMap":{"0":{"start":{"line":1,"column":11},"end":{"line":1,"column":27}},"1":{"start":{"line":3,"column":0},"end":{"line":45,"column":2}},"2":{"start":{"line":15,"column":21},"end":{"line":15,"column":23}},"3":{"start":{"line":20,"column":27},"end":{"line":30,"column":5}},"4":{"start":{"line":31,"column":4},"end":{"line":43,"column":9}},"5":{"start":{"line":33,"column":8},"end":{"line":35,"column":11}},"6":{"start":{"line":34,"column":10},"end":{"line":34,"column":48}},"7":{"start":{"line":38,"column":27},"end":{"line":40,"column":10}},"8":{"start":{"line":39,"column":10},"end":{"line":39,"column":57}}},"fnMap":{"0":{"name":"(anonymous_0)","decl":{"start":{"line":14,"column":28},"end":{"line":14,"column":29}},"loc":{"start":{"line":14,"column":57},"end":{"line":44,"column":3}},"line":14},"1":{"name":"(anonymous_1)","decl":{"start":{"line":21,"column":19},"end":{"line":21,"column":20}},"loc":{"start":{"line":21,"column":35},"end":{"line":29,"column":7}},"line":21},"2":{"name":"(anonymous_2)","decl":{"start":{"line":32,"column":12},"end":{"line":32,"column":13}},"loc":{"start":{"line":32,"column":22},"end":{"line":36,"column":7}},"line":32},"3":{"name":"(anonymous_3)","decl":{"start":{"line":33,"column":19},"end":{"line":33,"column":20}},"loc":{"start":{"line":33,"column":30},"end":{"line":35,"column":9}},"line":33},"4":{"name":"(anonymous_4)","decl":{"start":{"line":37,"column":12},"end":{"line":37,"column":13}},"loc":{"start":{"line":37,"column":18},"end":{"line":43,"column":7}},"line":37},"5":{"name":"(anonymous_5)","decl":{"start":{"line":38,"column":42},"end":{"line":38,"column":43}},"loc":{"start":{"line":38,"column":55},"end":{"line":40,"column":9}},"line":38}},"branchMap":{},"s":{"0":5,"1":5,"2":1,"3":1,"4":0,"5":0,"6":0,"7":0,"8":0},"f":{"0":1,"1":0,"2":0,"3":0,"4":0,"5":0},"b":{},"_coverageSchema":"332fd63041d2c1bcb487cc26dd0d5f7d97098a6c","hash":"0a096f54a088abc55dc8637f634f5940ec4af4cc"}
,"/Users/garylee/Desktop/github.nosync/teacher-student/src/service/suspensionService.js": {"path":"/Users/garylee/Desktop/github.nosync/teacher-student/src/service/suspensionService.js","statementMap":{"0":{"start":{"line":1,"column":11},"end":{"line":1,"column":27}},"1":{"start":{"line":3,"column":0},"end":{"line":21,"column":2}}},"fnMap":{"0":{"name":"(anonymous_0)","decl":{"start":{"line":9,"column":18},"end":{"line":9,"column":19}},"loc":{"start":{"line":9,"column":29},"end":{"line":20,"column":3}},"line":9}},"branchMap":{},"s":{"0":5,"1":5},"f":{"0":0},"b":{},"_coverageSchema":"332fd63041d2c1bcb487cc26dd0d5f7d97098a6c","hash":"f2f13f7bfcd8044a8ce317fe72dc167958994bd3"}
,"/Users/garylee/Desktop/github.nosync/teacher-student/src/service/teacherService.js": {"path":"/Users/garylee/Desktop/github.nosync/teacher-student/src/service/teacherService.js","statementMap":{"0":{"start":{"line":1,"column":27},"end":{"line":1,"column":45}},"1":{"start":{"line":2,"column":11},"end":{"line":2,"column":27}},"2":{"start":{"line":4,"column":28},"end":{"line":10,"column":49}},"3":{"start":{"line":12,"column":0},"end":{"line":29,"column":2}},"4":{"start":{"line":20,"column":19},"end":{"line":20,"column":42}}},"fnMap":{"0":{"name":"(anonymous_0)","decl":{"start":{"line":19,"column":20},"end":{"line":19,"column":21}},"loc":{"start":{"line":19,"column":31},"end":{"line":28,"column":3}},"line":19}},"branchMap":{},"s":{"0":5,"1":5,"2":5,"3":5,"4":0},"f":{"0":0},"b":{},"_coverageSchema":"332fd63041d2c1bcb487cc26dd0d5f7d97098a6c","hash":"69026db2041ecc4822d2209e70228b6fdf4f3874"}
}
