TN:
SF:/Users/garylee/Desktop/github.nosync/teacher-student/src/app.js
FN:21,(anonymous_0)
FNF:1
FNH:1
FNDA:1,(anonymous_0)
DA:1,5
DA:2,5
DA:4,5
DA:5,5
DA:6,5
DA:7,5
DA:9,5
DA:10,5
DA:11,5
DA:16,5
DA:21,5
DA:22,1
DA:25,5
LF:13
LH:13
BRDA:1,0,0,5
BRDA:1,0,1,0
BRF:2
BRH:1
end_of_record
TN:
SF:/Users/garylee/Desktop/github.nosync/teacher-student/src/handlers.js
FN:8,(anonymous_0)
FN:19,(anonymous_1)
FNF:2
FNH:2
FNDA:2,(anonymous_0)
FNDA:2,(anonymous_1)
DA:8,6
DA:9,2
DA:19,6
DA:20,2
DA:21,2
DA:24,6
LF:6
LH:6
BRF:0
BRH:0
end_of_record
TN:
SF:/Users/garylee/Desktop/github.nosync/teacher-student/src/util.js
FN:8,(anonymous_0)
FN:14,(anonymous_1)
FN:17,(anonymous_2)
FNF:3
FNH:3
FNDA:3,(anonymous_0)
FNDA:1,(anonymous_1)
FNDA:2,(anonymous_2)
DA:1,6
DA:9,3
DA:15,1
DA:16,1
DA:17,2
LF:5
LH:5
BRDA:9,0,0,2
BRDA:9,0,1,1
BRF:2
BRH:2
end_of_record
TN:
SF:/Users/garylee/Desktop/github.nosync/teacher-student/src/routes/commonstudents.js
FN:4,(anonymous_0)
FN:6,(anonymous_1)
FNF:2
FNH:0
FNDA:0,(anonymous_0)
FNDA:0,(anonymous_1)
DA:1,5
DA:2,5
DA:4,5
DA:5,0
DA:6,0
DA:9,5
LF:6
LH:4
BRF:0
BRH:0
end_of_record
TN:
SF:/Users/garylee/Desktop/github.nosync/teacher-student/src/routes/register.js
FN:5,(anonymous_0)
FN:9,(anonymous_1)
FN:10,(anonymous_2)
FNF:3
FNH:2
FNDA:1,(anonymous_0)
FNDA:0,(anonymous_1)
FNDA:1,(anonymous_2)
DA:1,5
DA:2,5
DA:3,5
DA:5,5
DA:6,1
DA:7,1
DA:9,0
DA:11,1
DA:15,5
LF:9
LH:8
BRF:0
BRH:0
end_of_record
TN:
SF:/Users/garylee/Desktop/github.nosync/teacher-student/src/routes/retrievefornotifications.js
FN:4,(anonymous_0)
FN:8,(anonymous_1)
FNF:2
FNH:0
FNDA:0,(anonymous_0)
FNDA:0,(anonymous_1)
DA:1,5
DA:2,5
DA:4,5
DA:5,0
DA:6,0
DA:8,0
DA:11,5
LF:7
LH:4
BRF:0
BRH:0
end_of_record
TN:
SF:/Users/garylee/Desktop/github.nosync/teacher-student/src/routes/suspend.js
FN:4,(anonymous_0)
FN:6,(anonymous_1)
FNF:2
FNH:0
FNDA:0,(anonymous_0)
FNDA:0,(anonymous_1)
DA:1,5
DA:2,5
DA:4,5
DA:5,0
DA:6,0
DA:9,5
LF:6
LH:4
BRF:0
BRH:0
end_of_record
TN:
SF:/Users/garylee/Desktop/github.nosync/teacher-student/src/service/notificationService.js
FN:20,(anonymous_0)
FNF:1
FNH:0
FNDA:0,(anonymous_0)
DA:1,5
DA:2,5
DA:4,5
DA:13,5
DA:21,0
LF:5
LH:4
BRF:0
BRH:0
end_of_record
TN:
SF:/Users/garylee/Desktop/github.nosync/teacher-student/src/service/registrationService.js
FN:14,(anonymous_0)
FN:21,(anonymous_1)
FN:32,(anonymous_2)
FN:33,(anonymous_3)
FN:37,(anonymous_4)
FN:38,(anonymous_5)
FNF:6
FNH:1
FNDA:1,(anonymous_0)
FNDA:0,(anonymous_1)
FNDA:0,(anonymous_2)
FNDA:0,(anonymous_3)
FNDA:0,(anonymous_4)
FNDA:0,(anonymous_5)
DA:1,5
DA:3,5
DA:15,1
DA:20,1
DA:31,0
DA:33,0
DA:34,0
DA:38,0
DA:39,0
LF:9
LH:4
BRF:0
BRH:0
end_of_record
TN:
SF:/Users/garylee/Desktop/github.nosync/teacher-student/src/service/suspensionService.js
FN:9,(anonymous_0)
FNF:1
FNH:0
FNDA:0,(anonymous_0)
DA:1,5
DA:3,5
LF:2
LH:2
BRF:0
BRH:0
end_of_record
TN:
SF:/Users/garylee/Desktop/github.nosync/teacher-student/src/service/teacherService.js
FN:19,(anonymous_0)
FNF:1
FNH:0
FNDA:0,(anonymous_0)
DA:1,5
DA:2,5
DA:4,5
DA:12,5
DA:20,0
LF:5
LH:4
BRF:0
BRH:0
end_of_record
